<?xml version="1.0" encoding="UTF-8"?>
<!-- Generated by org.testng.reporters.JUnitXMLReporter -->
<testsuite ignored="0" hostname="BAHUBALI-HP" failures="0" tests="3" name="Default test" time="41.596" errors="0" timestamp="2024-10-19T15:34:40 IST">
  <testcase classname="mmtTest.mmtTest3" name="validateCabsText" time="3.527"/>
  <testcase classname="mmtTest.mmtTest3" name="validateCardsText" time="2.206"/>
  <testcase classname="mmtTest.mmtTest3" name="validateInsuranceText" time="2.209"/>
</testsuite> <!-- Default test -->
