<?xml version="1.0" encoding="UTF-8"?>
<!-- Generated by org.testng.reporters.JUnitXMLReporter -->
<testsuite ignored="0" hostname="BAHUBALI-HP" failures="0" tests="3" name="Test" time="54.664" errors="0" timestamp="2024-10-19T15:44:27 IST">
  <testcase classname="mmtTest.mmtTest4" name="validateOneWayButtonText" time="7.136"/>
  <testcase classname="mmtTest.mmtTest4" name="validateRoundTripButtonText" time="5.499"/>
  <testcase classname="mmtTest.mmtTest4" name="validateMultiCityButtonText" time="5.581"/>
</testsuite> <!-- Test -->
