<?xml version="1.0" encoding="UTF-8"?>
<testng-results ignored="0" total="2" passed="2" failed="0" skipped="0">
  <reporter-output>
    <line>
      <![CDATA[Launching Application...]]>
    </line>
    <line>
      <![CDATA[Closing popup...]]>
    </line>
    <line>
      <![CDATA[Waiting for application launch...]]>
    </line>
    <line>
      <![CDATA[get text roundTrip button]]>
    </line>
    <line>
      <![CDATA[clicking on roundTrip button]]>
    </line>
    <line>
      <![CDATA[TC validateRoundTripButtonText Passed]]>
    </line>
    <line>
      <![CDATA[Closing Application...]]>
    </line>
    <line>
      <![CDATA[Launching Application...]]>
    </line>
    <line>
      <![CDATA[Closing popup...]]>
    </line>
    <line>
      <![CDATA[Waiting for application launch...]]>
    </line>
    <line>
      <![CDATA[get text multiCity button]]>
    </line>
    <line>
      <![CDATA[clicking on multiCity button]]>
    </line>
    <line>
      <![CDATA[TC validateMultiCityButtonText Passed]]>
    </line>
    <line>
      <![CDATA[Closing Application...]]>
    </line>
  </reporter-output>
  <suite started-at="2024-10-21T13:25:56 IST" name="Suite" finished-at="2024-10-21T13:26:45 IST" duration-ms="49014">
    <groups>
    </groups>
    <test started-at="2024-10-21T13:25:56 IST" name="Test" finished-at="2024-10-21T13:26:45 IST" duration-ms="49014">
      <class name="mmtTest.mmtTest6">
        <test-method is-config="true" signature="launch()[pri:0, instance:mmtTest.mmtTest6@ba2f4ec]" started-at="2024-10-21T13:25:56 IST" name="launch" finished-at="2024-10-21T13:26:04 IST" duration-ms="8501" status="PASS">
          <reporter-output>
            <line>
              <![CDATA[Launching Application...]]>
            </line>
            <line>
              <![CDATA[Closing popup...]]>
            </line>
            <line>
              <![CDATA[Waiting for application launch...]]>
            </line>
          </reporter-output>
        </test-method> <!-- launch -->
        <test-method signature="validateRoundTripButtonText()[pri:-1, instance:mmtTest.mmtTest6@ba2f4ec]" started-at="2024-10-21T13:26:04 IST" name="validateRoundTripButtonText" finished-at="2024-10-21T13:26:11 IST" duration-ms="6604" status="PASS">
          <reporter-output>
            <line>
              <![CDATA[get text roundTrip button]]>
            </line>
            <line>
              <![CDATA[clicking on roundTrip button]]>
            </line>
            <line>
              <![CDATA[TC validateRoundTripButtonText Passed]]>
            </line>
          </reporter-output>
        </test-method> <!-- validateRoundTripButtonText -->
        <test-method is-config="true" signature="closeApplication()[pri:0, instance:mmtTest.mmtTest6@ba2f4ec]" started-at="2024-10-21T13:26:11 IST" name="closeApplication" finished-at="2024-10-21T13:26:16 IST" duration-ms="4984" status="PASS">
          <reporter-output>
            <line>
              <![CDATA[Closing Application...]]>
            </line>
          </reporter-output>
        </test-method> <!-- closeApplication -->
        <test-method is-config="true" signature="launch()[pri:0, instance:mmtTest.mmtTest6@ba2f4ec]" started-at="2024-10-21T13:26:16 IST" name="launch" finished-at="2024-10-21T13:26:24 IST" duration-ms="7843" status="PASS">
          <reporter-output>
            <line>
              <![CDATA[Launching Application...]]>
            </line>
            <line>
              <![CDATA[Closing popup...]]>
            </line>
            <line>
              <![CDATA[Waiting for application launch...]]>
            </line>
          </reporter-output>
        </test-method> <!-- launch -->
        <test-method signature="validateMultiCityButtonText()[pri:0, instance:mmtTest.mmtTest6@ba2f4ec]" started-at="2024-10-21T13:26:24 IST" name="validateMultiCityButtonText" finished-at="2024-10-21T13:26:29 IST" duration-ms="5530" status="PASS">
          <reporter-output>
            <line>
              <![CDATA[get text multiCity button]]>
            </line>
            <line>
              <![CDATA[clicking on multiCity button]]>
            </line>
            <line>
              <![CDATA[TC validateMultiCityButtonText Passed]]>
            </line>
          </reporter-output>
        </test-method> <!-- validateMultiCityButtonText -->
        <test-method is-config="true" signature="closeApplication()[pri:0, instance:mmtTest.mmtTest6@ba2f4ec]" started-at="2024-10-21T13:26:29 IST" name="closeApplication" finished-at="2024-10-21T13:26:45 IST" duration-ms="15477" status="PASS">
          <reporter-output>
            <line>
              <![CDATA[Closing Application...]]>
            </line>
          </reporter-output>
        </test-method> <!-- closeApplication -->
      </class> <!-- mmtTest.mmtTest6 -->
    </test> <!-- Test -->
  </suite> <!-- Suite -->
</testng-results>
